WARNING: A restricted method in java.lang.System has been called
WARNING: java.lang.System::load has been called by org.fusesource.jansi.internal.JansiLoader in an unnamed module (file:/Users/bhanuka/tools/maven/lib/jansi-2.4.0.jar)
WARNING: Use --enable-native-access=ALL-UNNAMED to avoid a warning for callers in this module
WARNING: Restricted methods will be blocked in a future release unless native access is enabled

WARNING: A terminally deprecated method in sun.misc.Unsafe has been called
WARNING: sun.misc.Unsafe::objectFieldOffset has been called by com.google.common.util.concurrent.AbstractFuture$UnsafeAtomicHelper (file:/Users/bhanuka/tools/maven/lib/guava-32.0.1-jre.jar)
WARNING: Please consider reporting this to the maintainers of class com.google.common.util.concurrent.AbstractFuture$UnsafeAtomicHelper
WARNING: sun.misc.Unsafe::objectFieldOffset will be removed in a future release
[INFO] Scanning for projects...
[INFO] 
[INFO] --------------------< lk.mobios:dashboard-service >---------------------
[INFO] Building Dashboard Service 1.0.0
[INFO]   from pom.xml
[INFO] --------------------------------[ jar ]---------------------------------
[INFO] 
[INFO] >>> spring-boot:3.4.3:run (default-cli) > test-compile @ dashboard-service >>>
[INFO] 
[INFO] --- resources:3.3.1:resources (default-resources) @ dashboard-service ---
[INFO] Copying 1 resource from src/main/resources to target/classes
[INFO] Copying 0 resource from src/main/resources to target/classes
[INFO] 
[INFO] --- compiler:3.13.0:compile (default-compile) @ dashboard-service ---
[INFO] Nothing to compile - all classes are up to date.
[INFO] 
[INFO] --- resources:3.3.1:testResources (default-testResources) @ dashboard-service ---
[INFO] skip non existing resourceDirectory /Users/bhanuka/Desktop/mobiOs/backend/dashboard-service/src/test/resources
[INFO] 
[INFO] --- compiler:3.13.0:testCompile (default-testCompile) @ dashboard-service ---
[INFO] No sources to compile
[INFO] 
[INFO] <<< spring-boot:3.4.3:run (default-cli) < test-compile @ dashboard-service <<<
[INFO] 
[INFO] 
[INFO] --- spring-boot:3.4.3:run (default-cli) @ dashboard-service ---
[INFO] Attaching agents: []

  .   ____          _            __ _ _
 /\\ / ___'_ __ _ _(_)_ __  __ _ \ \ \ \
( ( )\___ | '_ | '_| | '_ \/ _` | \ \ \ \
 \\/  ___)| |_)| | | | | || (_| |  ) ) ) )
  '  |____| .__|_| |_|_| |_\__, | / / / /
 =========|_|==============|___/=/_/_/_/

 :: Spring Boot ::                (v3.4.3)

2026-03-11T10:37:47.272+05:30  INFO 31056 --- [dashboard-service] [           main] l.m.d.DashboardServiceApplication        : Starting DashboardServiceApplication using Java 24.0.1 with PID 31056 (/Users/bhanuka/Desktop/mobiOs/backend/dashboard-service/target/classes started by bhanuka in /Users/bhanuka/Desktop/mobiOs/backend/dashboard-service)
2026-03-11T10:37:47.276+05:30  INFO 31056 --- [dashboard-service] [           main] l.m.d.DashboardServiceApplication        : No active profile set, falling back to 1 default profile: "default"
2026-03-11T10:37:48.266+05:30  INFO 31056 --- [dashboard-service] [           main] o.s.cloud.context.scope.GenericScope     : BeanFactory id=6ad8b09e-7526-32a5-b317-d40a5f607e95
WARNING: A restricted method in java.lang.System has been called
WARNING: java.lang.System::load has been called by org.apache.tomcat.jni.Library in an unnamed module (file:/Users/bhanuka/.m2/repository/org/apache/tomcat/embed/tomcat-embed-core/10.1.36/tomcat-embed-core-10.1.36.jar)
WARNING: Use --enable-native-access=ALL-UNNAMED to avoid a warning for callers in this module
WARNING: Restricted methods will be blocked in a future release unless native access is enabled

2026-03-11T10:37:48.649+05:30  INFO 31056 --- [dashboard-service] [           main] o.s.b.w.embedded.tomcat.TomcatWebServer  : Tomcat initialized with port 8084 (http)
2026-03-11T10:37:48.670+05:30  INFO 31056 --- [dashboard-service] [           main] o.apache.catalina.core.StandardService   : Starting service [Tomcat]
2026-03-11T10:37:48.671+05:30  INFO 31056 --- [dashboard-service] [           main] o.apache.catalina.core.StandardEngine    : Starting Servlet engine: [Apache Tomcat/10.1.36]
2026-03-11T10:37:48.733+05:30  INFO 31056 --- [dashboard-service] [           main] o.a.c.c.C.[Tomcat].[localhost].[/]       : Initializing Spring embedded WebApplicationContext
2026-03-11T10:37:48.735+05:30  INFO 31056 --- [dashboard-service] [           main] w.s.c.ServletWebServerApplicationContext : Root WebApplicationContext: initialization completed in 1383 ms
2026-03-11T10:37:49.614+05:30  INFO 31056 --- [dashboard-service] [           main] DiscoveryClientOptionalArgsConfiguration : Eureka HTTP Client uses RestTemplate.
2026-03-11T10:37:49.664+05:30  WARN 31056 --- [dashboard-service] [           main] iguration$LoadBalancerCaffeineWarnLogger : Spring Cloud LoadBalancer is currently working with the default cache. While this cache implementation is useful for development and tests, it's recommended to use Caffeine cache in production.You can switch to using Caffeine cache, by adding it and org.springframework.cache.caffeine.CaffeineCacheManager to the classpath.
2026-03-11T10:37:49.694+05:30  INFO 31056 --- [dashboard-service] [           main] o.s.c.n.eureka.InstanceInfoFactory       : Setting initial instance status as: STARTING
2026-03-11T10:37:49.753+05:30  INFO 31056 --- [dashboard-service] [           main] com.netflix.discovery.DiscoveryClient    : Initializing Eureka in region us-east-1
2026-03-11T10:37:49.756+05:30  INFO 31056 --- [dashboard-service] [           main] c.n.d.s.r.aws.ConfigClusterResolver      : Resolving eureka endpoints via configuration
2026-03-11T10:37:49.767+05:30  INFO 31056 --- [dashboard-service] [           main] com.netflix.discovery.DiscoveryClient    : Disable delta property : false
2026-03-11T10:37:49.767+05:30  INFO 31056 --- [dashboard-service] [           main] com.netflix.discovery.DiscoveryClient    : Single vip registry refresh property : null
2026-03-11T10:37:49.768+05:30  INFO 31056 --- [dashboard-service] [           main] com.netflix.discovery.DiscoveryClient    : Force full registry fetch : false
2026-03-11T10:37:49.768+05:30  INFO 31056 --- [dashboard-service] [           main] com.netflix.discovery.DiscoveryClient    : Application is null : false
2026-03-11T10:37:49.768+05:30  INFO 31056 --- [dashboard-service] [           main] com.netflix.discovery.DiscoveryClient    : Registered Applications size is zero : true
2026-03-11T10:37:49.768+05:30  INFO 31056 --- [dashboard-service] [           main] com.netflix.discovery.DiscoveryClient    : Application version is -1: true
2026-03-11T10:37:49.768+05:30  INFO 31056 --- [dashboard-service] [           main] com.netflix.discovery.DiscoveryClient    : Getting all instance registry info from the eureka server
2026-03-11T10:37:50.261+05:30  INFO 31056 --- [dashboard-service] [           main] com.netflix.discovery.DiscoveryClient    : The response status is 200
2026-03-11T10:37:50.265+05:30  INFO 31056 --- [dashboard-service] [           main] com.netflix.discovery.DiscoveryClient    : Starting heartbeat executor: renew interval is: 30
2026-03-11T10:37:50.269+05:30  INFO 31056 --- [dashboard-service] [           main] c.n.discovery.InstanceInfoReplicator     : InstanceInfoReplicator onDemand update allowed rate per min is 4
2026-03-11T10:37:50.306+05:30  INFO 31056 --- [dashboard-service] [           main] com.netflix.discovery.DiscoveryClient    : Discovery Client initialized at timestamp 1773205670304 with initial instances count: 6
2026-03-11T10:37:50.335+05:30  INFO 31056 --- [dashboard-service] [           main] o.s.c.n.e.s.EurekaServiceRegistry        : Registering application DASHBOARD-SERVICE with eureka with status UP
2026-03-11T10:37:50.336+05:30  INFO 31056 --- [dashboard-service] [           main] com.netflix.discovery.DiscoveryClient    : Saw local status change event StatusChangeEvent [timestamp=1773205670336, current=UP, previous=STARTING]
2026-03-11T10:37:50.393+05:30  INFO 31056 --- [dashboard-service] [foReplicator-%d] com.netflix.discovery.DiscoveryClient    : DiscoveryClient_DASHBOARD-SERVICE/macbook-air.lan:dashboard-service:8084: registering service...
2026-03-11T10:37:50.459+05:30  INFO 31056 --- [dashboard-service] [           main] o.s.b.w.embedded.tomcat.TomcatWebServer  : Tomcat started on port 8084 (http) with context path '/'
2026-03-11T10:37:50.461+05:30  INFO 31056 --- [dashboard-service] [           main] .s.c.n.e.s.EurekaAutoServiceRegistration : Updating port to 8084
2026-03-11T10:37:50.504+05:30  INFO 31056 --- [dashboard-service] [           main] l.m.d.DashboardServiceApplication        : Started DashboardServiceApplication in 3.94 seconds (process running for 5.484)
2026-03-11T10:37:50.534+05:30  INFO 31056 --- [dashboard-service] [foReplicator-%d] com.netflix.discovery.DiscoveryClient    : DiscoveryClient_DASHBOARD-SERVICE/macbook-air.lan:dashboard-service:8084 - registration status: 204
2026-03-11T10:42:49.781+05:30  INFO 31056 --- [dashboard-service] [rap-executor-%d] c.n.d.s.r.aws.ConfigClusterResolver      : Resolving eureka endpoints via configuration
2026-03-11T10:47:49.827+05:30  INFO 31056 --- [dashboard-service] [rap-executor-%d] c.n.d.s.r.aws.ConfigClusterResolver      : Resolving eureka endpoints via configuration
2026-03-11T10:52:49.853+05:30  INFO 31056 --- [dashboard-service] [rap-executor-%d] c.n.d.s.r.aws.ConfigClusterResolver      : Resolving eureka endpoints via configuration
2026-03-11T10:57:49.868+05:30  INFO 31056 --- [dashboard-service] [rap-executor-%d] c.n.d.s.r.aws.ConfigClusterResolver      : Resolving eureka endpoints via configuration
2026-03-11T11:02:49.864+05:30  INFO 31056 --- [dashboard-service] [rap-executor-%d] c.n.d.s.r.aws.ConfigClusterResolver      : Resolving eureka endpoints via configuration
2026-03-11T11:07:49.879+05:30  INFO 31056 --- [dashboard-service] [rap-executor-%d] c.n.d.s.r.aws.ConfigClusterResolver      : Resolving eureka endpoints via configuration
2026-03-11T11:12:49.899+05:30  INFO 31056 --- [dashboard-service] [rap-executor-%d] c.n.d.s.r.aws.ConfigClusterResolver      : Resolving eureka endpoints via configuration
2026-03-11T11:14:22.131+05:30  INFO 31056 --- [dashboard-service] [beatExecutor-%d] com.netflix.discovery.DiscoveryClient    : DiscoveryClient_DASHBOARD-SERVICE/macbook-air.lan:dashboard-service:8084 - Re-registering apps/DASHBOARD-SERVICE
2026-03-11T11:14:22.141+05:30  INFO 31056 --- [dashboard-service] [beatExecutor-%d] com.netflix.discovery.DiscoveryClient    : DiscoveryClient_DASHBOARD-SERVICE/macbook-air.lan:dashboard-service:8084: registering service...
2026-03-11T11:14:22.287+05:30  INFO 31056 --- [dashboard-service] [beatExecutor-%d] com.netflix.discovery.DiscoveryClient    : DiscoveryClient_DASHBOARD-SERVICE/macbook-air.lan:dashboard-service:8084 - registration status: 204
[INFO] ------------------------------------------------------------------------
[INFO] BUILD FAILURE
[INFO] ------------------------------------------------------------------------
[INFO] Total time:  38:25 min
[INFO] Finished at: 2026-03-11T11:16:07+05:30
[INFO] ------------------------------------------------------------------------
[ERROR] Failed to execute goal org.springframework.boot:spring-boot-maven-plugin:3.4.3:run (default-cli) on project dashboard-service: Process terminated with exit code: 137 -> [Help 1]
[ERROR] 
[ERROR] To see the full stack trace of the errors, re-run Maven with the -e switch.
[ERROR] Re-run Maven using the -X switch to enable full debug logging.
[ERROR] 
[ERROR] For more information about the errors and possible solutions, please read the following articles:
[ERROR] [Help 1] http://cwiki.apache.org/confluence/display/MAVEN/MojoExecutionException
