WARNING: A restricted method in java.lang.System has been called
WARNING: java.lang.System::load has been called by org.fusesource.jansi.internal.JansiLoader in an unnamed module (file:/Users/bhanuka/tools/maven/lib/jansi-2.4.0.jar)
WARNING: Use --enable-native-access=ALL-UNNAMED to avoid a warning for callers in this module
WARNING: Restricted methods will be blocked in a future release unless native access is enabled

WARNING: A terminally deprecated method in sun.misc.Unsafe has been called
WARNING: sun.misc.Unsafe::objectFieldOffset has been called by com.google.common.util.concurrent.AbstractFuture$UnsafeAtomicHelper (file:/Users/bhanuka/tools/maven/lib/guava-32.0.1-jre.jar)
WARNING: Please consider reporting this to the maintainers of class com.google.common.util.concurrent.AbstractFuture$UnsafeAtomicHelper
WARNING: sun.misc.Unsafe::objectFieldOffset will be removed in a future release
[INFO] Scanning for projects...
[INFO] 
[INFO] -----------------------< lk.mobios:file-service >-----------------------
[INFO] Building File Processing Service 1.0.0
[INFO]   from pom.xml
[INFO] --------------------------------[ jar ]---------------------------------
[INFO] 
[INFO] >>> spring-boot:3.4.3:run (default-cli) > test-compile @ file-service >>>
[INFO] 
[INFO] --- resources:3.3.1:resources (default-resources) @ file-service ---
[INFO] Copying 1 resource from src/main/resources to target/classes
[INFO] Copying 0 resource from src/main/resources to target/classes
[INFO] 
[INFO] --- compiler:3.13.0:compile (default-compile) @ file-service ---
[INFO] Nothing to compile - all classes are up to date.
[INFO] 
[INFO] --- resources:3.3.1:testResources (default-testResources) @ file-service ---
[INFO] skip non existing resourceDirectory /Users/bhanuka/Desktop/mobiOs/backend/file-service/src/test/resources
[INFO] 
[INFO] --- compiler:3.13.0:testCompile (default-testCompile) @ file-service ---
[INFO] No sources to compile
[INFO] 
[INFO] <<< spring-boot:3.4.3:run (default-cli) < test-compile @ file-service <<<
[INFO] 
[INFO] 
[INFO] --- spring-boot:3.4.3:run (default-cli) @ file-service ---
[INFO] Attaching agents: []

  .   ____          _            __ _ _
 /\\ / ___'_ __ _ _(_)_ __  __ _ \ \ \ \
( ( )\___ | '_ | '_| | '_ \/ _` | \ \ \ \
 \\/  ___)| |_)| | | | | || (_| |  ) ) ) )
  '  |____| .__|_| |_|_| |_\__, | / / / /
 =========|_|==============|___/=/_/_/_/

 :: Spring Boot ::                (v3.4.3)

2026-03-11T10:39:26.261+05:30  INFO 31887 --- [file-service] [           main] l.m.fileservice.FileServiceApplication   : Starting FileServiceApplication using Java 24.0.1 with PID 31887 (/Users/bhanuka/Desktop/mobiOs/backend/file-service/target/classes started by bhanuka in /Users/bhanuka/Desktop/mobiOs/backend/file-service)
2026-03-11T10:39:26.265+05:30  INFO 31887 --- [file-service] [           main] l.m.fileservice.FileServiceApplication   : No active profile set, falling back to 1 default profile: "default"
2026-03-11T10:39:27.331+05:30  INFO 31887 --- [file-service] [           main] .s.d.r.c.RepositoryConfigurationDelegate : Bootstrapping Spring Data JPA repositories in DEFAULT mode.
2026-03-11T10:39:27.623+05:30  INFO 31887 --- [file-service] [           main] .s.d.r.c.RepositoryConfigurationDelegate : Finished Spring Data repository scanning in 275 ms. Found 1 JPA repository interface.
2026-03-11T10:39:27.984+05:30  INFO 31887 --- [file-service] [           main] o.s.cloud.context.scope.GenericScope     : BeanFactory id=5caad30a-f322-3de3-93cc-15b5d4861214
WARNING: A restricted method in java.lang.System has been called
WARNING: java.lang.System::load has been called by org.apache.tomcat.jni.Library in an unnamed module (file:/Users/bhanuka/.m2/repository/org/apache/tomcat/embed/tomcat-embed-core/10.1.36/tomcat-embed-core-10.1.36.jar)
WARNING: Use --enable-native-access=ALL-UNNAMED to avoid a warning for callers in this module
WARNING: Restricted methods will be blocked in a future release unless native access is enabled

2026-03-11T10:39:28.710+05:30  INFO 31887 --- [file-service] [           main] o.s.b.w.embedded.tomcat.TomcatWebServer  : Tomcat initialized with port 8082 (http)
2026-03-11T10:39:28.734+05:30  INFO 31887 --- [file-service] [           main] o.apache.catalina.core.StandardService   : Starting service [Tomcat]
2026-03-11T10:39:28.734+05:30  INFO 31887 --- [file-service] [           main] o.apache.catalina.core.StandardEngine    : Starting Servlet engine: [Apache Tomcat/10.1.36]
2026-03-11T10:39:28.812+05:30  INFO 31887 --- [file-service] [           main] o.a.c.c.C.[Tomcat].[localhost].[/]       : Initializing Spring embedded WebApplicationContext
2026-03-11T10:39:28.813+05:30  INFO 31887 --- [file-service] [           main] w.s.c.ServletWebServerApplicationContext : Root WebApplicationContext: initialization completed in 2462 ms
2026-03-11T10:39:29.029+05:30  INFO 31887 --- [file-service] [           main] o.hibernate.jpa.internal.util.LogHelper  : HHH000204: Processing PersistenceUnitInfo [name: default]
2026-03-11T10:39:29.104+05:30  INFO 31887 --- [file-service] [           main] org.hibernate.Version                    : HHH000412: Hibernate ORM core version 6.6.8.Final
2026-03-11T10:39:29.161+05:30  INFO 31887 --- [file-service] [           main] o.h.c.internal.RegionFactoryInitiator    : HHH000026: Second-level cache disabled
2026-03-11T10:39:29.705+05:30  INFO 31887 --- [file-service] [           main] o.s.o.j.p.SpringPersistenceUnitInfo      : No LoadTimeWeaver setup: ignoring JPA class transformer
2026-03-11T10:39:29.763+05:30  INFO 31887 --- [file-service] [           main] com.zaxxer.hikari.HikariDataSource       : HikariPool-1 - Starting...
2026-03-11T10:39:30.002+05:30  INFO 31887 --- [file-service] [           main] com.zaxxer.hikari.pool.HikariPool        : HikariPool-1 - Added connection com.mysql.cj.jdbc.ConnectionImpl@1d585fb
2026-03-11T10:39:30.004+05:30  INFO 31887 --- [file-service] [           main] com.zaxxer.hikari.HikariDataSource       : HikariPool-1 - Start completed.
2026-03-11T10:39:30.038+05:30  WARN 31887 --- [file-service] [           main] org.hibernate.orm.deprecation            : HHH90000025: MySQL8Dialect does not need to be specified explicitly using 'hibernate.dialect' (remove the property setting and it will be selected by default)
2026-03-11T10:39:30.039+05:30  WARN 31887 --- [file-service] [           main] org.hibernate.orm.deprecation            : HHH90000026: MySQL8Dialect has been deprecated; use org.hibernate.dialect.MySQLDialect instead
2026-03-11T10:39:30.058+05:30  INFO 31887 --- [file-service] [           main] org.hibernate.orm.connections.pooling    : HHH10001005: Database info:
	Database JDBC URL [Connecting through datasource 'HikariDataSource (HikariPool-1)']
	Database driver: undefined/unknown
	Database version: 8.0
	Autocommit mode: undefined/unknown
	Isolation level: undefined/unknown
	Minimum pool size: undefined/unknown
	Maximum pool size: undefined/unknown
2026-03-11T10:39:32.116+05:30  INFO 31887 --- [file-service] [           main] o.h.e.t.j.p.i.JtaPlatformInitiator       : HHH000489: No JTA platform available (set 'hibernate.transaction.jta.platform' to enable JTA platform integration)
2026-03-11T10:39:32.197+05:30  INFO 31887 --- [file-service] [           main] j.LocalContainerEntityManagerFactoryBean : Initialized JPA EntityManagerFactory for persistence unit 'default'
2026-03-11T10:39:32.733+05:30  WARN 31887 --- [file-service] [           main] JpaBaseConfiguration$JpaWebConfiguration : spring.jpa.open-in-view is enabled by default. Therefore, database queries may be performed during view rendering. Explicitly configure spring.jpa.open-in-view to disable this warning
2026-03-11T10:39:33.479+05:30  INFO 31887 --- [file-service] [           main] DiscoveryClientOptionalArgsConfiguration : Eureka HTTP Client uses RestTemplate.
2026-03-11T10:39:33.550+05:30  WARN 31887 --- [file-service] [           main] iguration$LoadBalancerCaffeineWarnLogger : Spring Cloud LoadBalancer is currently working with the default cache. While this cache implementation is useful for development and tests, it's recommended to use Caffeine cache in production.You can switch to using Caffeine cache, by adding it and org.springframework.cache.caffeine.CaffeineCacheManager to the classpath.
2026-03-11T10:39:33.589+05:30  INFO 31887 --- [file-service] [           main] o.s.c.n.eureka.InstanceInfoFactory       : Setting initial instance status as: STARTING
2026-03-11T10:39:33.640+05:30  INFO 31887 --- [file-service] [           main] com.netflix.discovery.DiscoveryClient    : Initializing Eureka in region us-east-1
2026-03-11T10:39:33.652+05:30  INFO 31887 --- [file-service] [           main] c.n.d.s.r.aws.ConfigClusterResolver      : Resolving eureka endpoints via configuration
2026-03-11T10:39:33.668+05:30  INFO 31887 --- [file-service] [           main] com.netflix.discovery.DiscoveryClient    : Disable delta property : false
2026-03-11T10:39:33.669+05:30  INFO 31887 --- [file-service] [           main] com.netflix.discovery.DiscoveryClient    : Single vip registry refresh property : null
2026-03-11T10:39:33.670+05:30  INFO 31887 --- [file-service] [           main] com.netflix.discovery.DiscoveryClient    : Force full registry fetch : false
2026-03-11T10:39:33.670+05:30  INFO 31887 --- [file-service] [           main] com.netflix.discovery.DiscoveryClient    : Application is null : false
2026-03-11T10:39:33.670+05:30  INFO 31887 --- [file-service] [           main] com.netflix.discovery.DiscoveryClient    : Registered Applications size is zero : true
2026-03-11T10:39:33.670+05:30  INFO 31887 --- [file-service] [           main] com.netflix.discovery.DiscoveryClient    : Application version is -1: true
2026-03-11T10:39:33.670+05:30  INFO 31887 --- [file-service] [           main] com.netflix.discovery.DiscoveryClient    : Getting all instance registry info from the eureka server
2026-03-11T10:39:34.406+05:30  INFO 31887 --- [file-service] [           main] com.netflix.discovery.DiscoveryClient    : The response status is 200
2026-03-11T10:39:34.411+05:30  INFO 31887 --- [file-service] [           main] com.netflix.discovery.DiscoveryClient    : Starting heartbeat executor: renew interval is: 30
2026-03-11T10:39:34.417+05:30  INFO 31887 --- [file-service] [           main] c.n.discovery.InstanceInfoReplicator     : InstanceInfoReplicator onDemand update allowed rate per min is 4
2026-03-11T10:39:34.421+05:30  INFO 31887 --- [file-service] [           main] com.netflix.discovery.DiscoveryClient    : Discovery Client initialized at timestamp 1773205774419 with initial instances count: 6
2026-03-11T10:39:34.439+05:30  INFO 31887 --- [file-service] [           main] o.s.c.n.e.s.EurekaServiceRegistry        : Registering application FILE-SERVICE with eureka with status UP
2026-03-11T10:39:34.440+05:30  INFO 31887 --- [file-service] [           main] com.netflix.discovery.DiscoveryClient    : Saw local status change event StatusChangeEvent [timestamp=1773205774440, current=UP, previous=STARTING]
2026-03-11T10:39:34.441+05:30  INFO 31887 --- [file-service] [foReplicator-%d] com.netflix.discovery.DiscoveryClient    : DiscoveryClient_FILE-SERVICE/macbook-air.lan:file-service:8082: registering service...
2026-03-11T10:39:34.464+05:30  INFO 31887 --- [file-service] [           main] o.s.b.w.embedded.tomcat.TomcatWebServer  : Tomcat started on port 8082 (http) with context path '/'
2026-03-11T10:39:34.466+05:30  INFO 31887 --- [file-service] [           main] .s.c.n.e.s.EurekaAutoServiceRegistration : Updating port to 8082
2026-03-11T10:39:34.491+05:30  INFO 31887 --- [file-service] [           main] l.m.fileservice.FileServiceApplication   : Started FileServiceApplication in 9.1 seconds (process running for 9.884)
2026-03-11T10:39:34.524+05:30  INFO 31887 --- [file-service] [foReplicator-%d] com.netflix.discovery.DiscoveryClient    : DiscoveryClient_FILE-SERVICE/macbook-air.lan:file-service:8082 - registration status: 204
2026-03-11T10:44:33.685+05:30  INFO 31887 --- [file-service] [rap-executor-%d] c.n.d.s.r.aws.ConfigClusterResolver      : Resolving eureka endpoints via configuration
2026-03-11T10:49:33.739+05:30  INFO 31887 --- [file-service] [rap-executor-%d] c.n.d.s.r.aws.ConfigClusterResolver      : Resolving eureka endpoints via configuration
2026-03-11T10:54:33.756+05:30  INFO 31887 --- [file-service] [rap-executor-%d] c.n.d.s.r.aws.ConfigClusterResolver      : Resolving eureka endpoints via configuration
2026-03-11T10:59:33.775+05:30  INFO 31887 --- [file-service] [rap-executor-%d] c.n.d.s.r.aws.ConfigClusterResolver      : Resolving eureka endpoints via configuration
2026-03-11T11:04:33.795+05:30  INFO 31887 --- [file-service] [rap-executor-%d] c.n.d.s.r.aws.ConfigClusterResolver      : Resolving eureka endpoints via configuration
2026-03-11T11:09:33.814+05:30  INFO 31887 --- [file-service] [rap-executor-%d] c.n.d.s.r.aws.ConfigClusterResolver      : Resolving eureka endpoints via configuration
2026-03-11T11:14:33.859+05:30  INFO 31887 --- [file-service] [rap-executor-%d] c.n.d.s.r.aws.ConfigClusterResolver      : Resolving eureka endpoints via configuration
2026-03-11T11:14:36.470+05:30  INFO 31887 --- [file-service] [beatExecutor-%d] com.netflix.discovery.DiscoveryClient    : DiscoveryClient_FILE-SERVICE/macbook-air.lan:file-service:8082 - Re-registering apps/FILE-SERVICE
2026-03-11T11:14:36.479+05:30  INFO 31887 --- [file-service] [beatExecutor-%d] com.netflix.discovery.DiscoveryClient    : DiscoveryClient_FILE-SERVICE/macbook-air.lan:file-service:8082: registering service...
2026-03-11T11:14:36.660+05:30  INFO 31887 --- [file-service] [beatExecutor-%d] com.netflix.discovery.DiscoveryClient    : DiscoveryClient_FILE-SERVICE/macbook-air.lan:file-service:8082 - registration status: 204
[INFO] ------------------------------------------------------------------------
[INFO] BUILD FAILURE
[INFO] ------------------------------------------------------------------------
[INFO] Total time:  36:46 min
[INFO] Finished at: 2026-03-11T11:16:07+05:30
[INFO] ------------------------------------------------------------------------
[ERROR] Failed to execute goal org.springframework.boot:spring-boot-maven-plugin:3.4.3:run (default-cli) on project file-service: Process terminated with exit code: 137 -> [Help 1]
[ERROR] 
[ERROR] To see the full stack trace of the errors, re-run Maven with the -e switch.
[ERROR] Re-run Maven using the -X switch to enable full debug logging.
[ERROR] 
[ERROR] For more information about the errors and possible solutions, please read the following articles:
[ERROR] [Help 1] http://cwiki.apache.org/confluence/display/MAVEN/MojoExecutionException
