WARNING: A restricted method in java.lang.System has been called
WARNING: java.lang.System::load has been called by org.fusesource.jansi.internal.JansiLoader in an unnamed module (file:/Users/bhanuka/tools/maven/lib/jansi-2.4.0.jar)
WARNING: Use --enable-native-access=ALL-UNNAMED to avoid a warning for callers in this module
WARNING: Restricted methods will be blocked in a future release unless native access is enabled

WARNING: A terminally deprecated method in sun.misc.Unsafe has been called
WARNING: sun.misc.Unsafe::objectFieldOffset has been called by com.google.common.util.concurrent.AbstractFuture$UnsafeAtomicHelper (file:/Users/bhanuka/tools/maven/lib/guava-32.0.1-jre.jar)
WARNING: Please consider reporting this to the maintainers of class com.google.common.util.concurrent.AbstractFuture$UnsafeAtomicHelper
WARNING: sun.misc.Unsafe::objectFieldOffset will be removed in a future release
[INFO] Scanning for projects...
[INFO] 
[INFO] -----------------------< lk.mobios:auth-service >-----------------------
[INFO] Building Auth Service 1.0.0
[INFO]   from pom.xml
[INFO] --------------------------------[ jar ]---------------------------------
[INFO] 
[INFO] >>> spring-boot:3.4.3:run (default-cli) > test-compile @ auth-service >>>
[INFO] 
[INFO] --- resources:3.3.1:resources (default-resources) @ auth-service ---
[INFO] Copying 1 resource from src/main/resources to target/classes
[INFO] Copying 0 resource from src/main/resources to target/classes
[INFO] 
[INFO] --- compiler:3.13.0:compile (default-compile) @ auth-service ---
[INFO] Nothing to compile - all classes are up to date.
[INFO] 
[INFO] --- resources:3.3.1:testResources (default-testResources) @ auth-service ---
[INFO] skip non existing resourceDirectory /Users/bhanuka/Desktop/mobiOs/backend/auth-service/src/test/resources
[INFO] 
[INFO] --- compiler:3.13.0:testCompile (default-testCompile) @ auth-service ---
[INFO] Nothing to compile - all classes are up to date.
[INFO] 
[INFO] <<< spring-boot:3.4.3:run (default-cli) < test-compile @ auth-service <<<
[INFO] 
[INFO] 
[INFO] --- spring-boot:3.4.3:run (default-cli) @ auth-service ---
[INFO] Attaching agents: []

  .   ____          _            __ _ _
 /\\ / ___'_ __ _ _(_)_ __  __ _ \ \ \ \
( ( )\___ | '_ | '_| | '_ \/ _` | \ \ \ \
 \\/  ___)| |_)| | | | | || (_| |  ) ) ) )
  '  |____| .__|_| |_|_| |_\__, | / / / /
 =========|_|==============|___/=/_/_/_/

 :: Spring Boot ::                (v3.4.3)

2026-03-11T11:58:45.125+05:30  INFO 53931 --- [auth-service] [           main] l.m.authservice.AuthServiceApplication   : Starting AuthServiceApplication using Java 24.0.1 with PID 53931 (/Users/bhanuka/Desktop/mobiOs/backend/auth-service/target/classes started by bhanuka in /Users/bhanuka/Desktop/mobiOs/backend/auth-service)
2026-03-11T11:58:45.137+05:30 DEBUG 53931 --- [auth-service] [           main] l.m.authservice.AuthServiceApplication   : Running with Spring Boot v3.4.3, Spring v6.2.3
2026-03-11T11:58:45.138+05:30  INFO 53931 --- [auth-service] [           main] l.m.authservice.AuthServiceApplication   : No active profile set, falling back to 1 default profile: "default"
2026-03-11T11:58:46.358+05:30  INFO 53931 --- [auth-service] [           main] .s.d.r.c.RepositoryConfigurationDelegate : Bootstrapping Spring Data JPA repositories in DEFAULT mode.
2026-03-11T11:58:46.663+05:30  INFO 53931 --- [auth-service] [           main] .s.d.r.c.RepositoryConfigurationDelegate : Finished Spring Data repository scanning in 283 ms. Found 1 JPA repository interface.
2026-03-11T11:58:47.156+05:30  INFO 53931 --- [auth-service] [           main] o.s.cloud.context.scope.GenericScope     : BeanFactory id=b488d956-2733-3517-9442-bd822cc0c51a
WARNING: A restricted method in java.lang.System has been called
WARNING: java.lang.System::load has been called by org.apache.tomcat.jni.Library in an unnamed module (file:/Users/bhanuka/.m2/repository/org/apache/tomcat/embed/tomcat-embed-core/10.1.36/tomcat-embed-core-10.1.36.jar)
WARNING: Use --enable-native-access=ALL-UNNAMED to avoid a warning for callers in this module
WARNING: Restricted methods will be blocked in a future release unless native access is enabled

2026-03-11T11:58:47.754+05:30  INFO 53931 --- [auth-service] [           main] o.s.b.w.embedded.tomcat.TomcatWebServer  : Tomcat initialized with port 8081 (http)
2026-03-11T11:58:47.777+05:30  INFO 53931 --- [auth-service] [           main] o.apache.catalina.core.StandardService   : Starting service [Tomcat]
2026-03-11T11:58:47.778+05:30  INFO 53931 --- [auth-service] [           main] o.apache.catalina.core.StandardEngine    : Starting Servlet engine: [Apache Tomcat/10.1.36]
2026-03-11T11:58:47.852+05:30  INFO 53931 --- [auth-service] [           main] o.a.c.c.C.[Tomcat].[localhost].[/]       : Initializing Spring embedded WebApplicationContext
2026-03-11T11:58:47.853+05:30  INFO 53931 --- [auth-service] [           main] w.s.c.ServletWebServerApplicationContext : Root WebApplicationContext: initialization completed in 2631 ms
2026-03-11T11:58:48.112+05:30  INFO 53931 --- [auth-service] [           main] o.hibernate.jpa.internal.util.LogHelper  : HHH000204: Processing PersistenceUnitInfo [name: default]
2026-03-11T11:58:48.192+05:30  INFO 53931 --- [auth-service] [           main] org.hibernate.Version                    : HHH000412: Hibernate ORM core version 6.6.8.Final
2026-03-11T11:58:48.244+05:30  INFO 53931 --- [auth-service] [           main] o.h.c.internal.RegionFactoryInitiator    : HHH000026: Second-level cache disabled
2026-03-11T11:58:48.998+05:30  INFO 53931 --- [auth-service] [           main] o.s.o.j.p.SpringPersistenceUnitInfo      : No LoadTimeWeaver setup: ignoring JPA class transformer
2026-03-11T11:58:49.056+05:30  INFO 53931 --- [auth-service] [           main] com.zaxxer.hikari.HikariDataSource       : HikariPool-1 - Starting...
2026-03-11T11:58:49.498+05:30  INFO 53931 --- [auth-service] [           main] com.zaxxer.hikari.pool.HikariPool        : HikariPool-1 - Added connection com.mysql.cj.jdbc.ConnectionImpl@45bf93bb
2026-03-11T11:58:49.500+05:30  INFO 53931 --- [auth-service] [           main] com.zaxxer.hikari.HikariDataSource       : HikariPool-1 - Start completed.
2026-03-11T11:58:49.540+05:30  WARN 53931 --- [auth-service] [           main] org.hibernate.orm.deprecation            : HHH90000025: MySQL8Dialect does not need to be specified explicitly using 'hibernate.dialect' (remove the property setting and it will be selected by default)
2026-03-11T11:58:49.541+05:30  WARN 53931 --- [auth-service] [           main] org.hibernate.orm.deprecation            : HHH90000026: MySQL8Dialect has been deprecated; use org.hibernate.dialect.MySQLDialect instead
2026-03-11T11:58:49.565+05:30  INFO 53931 --- [auth-service] [           main] org.hibernate.orm.connections.pooling    : HHH10001005: Database info:
	Database JDBC URL [Connecting through datasource 'HikariDataSource (HikariPool-1)']
	Database driver: undefined/unknown
	Database version: 8.0
	Autocommit mode: undefined/unknown
	Isolation level: undefined/unknown
	Minimum pool size: undefined/unknown
	Maximum pool size: undefined/unknown
2026-03-11T11:58:50.894+05:30  INFO 53931 --- [auth-service] [           main] o.h.e.t.j.p.i.JtaPlatformInitiator       : HHH000489: No JTA platform available (set 'hibernate.transaction.jta.platform' to enable JTA platform integration)
2026-03-11T11:58:51.007+05:30  INFO 53931 --- [auth-service] [           main] j.LocalContainerEntityManagerFactoryBean : Initialized JPA EntityManagerFactory for persistence unit 'default'
2026-03-11T11:58:51.587+05:30  WARN 53931 --- [auth-service] [           main] JpaBaseConfiguration$JpaWebConfiguration : spring.jpa.open-in-view is enabled by default. Therefore, database queries may be performed during view rendering. Explicitly configure spring.jpa.open-in-view to disable this warning
2026-03-11T11:58:51.684+05:30  WARN 53931 --- [auth-service] [           main] .s.s.UserDetailsServiceAutoConfiguration : 

Using generated security password: b10bedbd-02f9-45d4-9ecc-9ac04c13b361

This generated password is for development use only. Your security configuration must be updated before running your application in production.

2026-03-11T11:58:51.695+05:30  INFO 53931 --- [auth-service] [           main] r$InitializeUserDetailsManagerConfigurer : Global AuthenticationManager configured with UserDetailsService bean with name inMemoryUserDetailsManager
2026-03-11T11:58:52.221+05:30 DEBUG 53931 --- [auth-service] [           main] o.s.s.web.DefaultSecurityFilterChain     : Will secure any request with filters: DisableEncodeUrlFilter, WebAsyncManagerIntegrationFilter, SecurityContextHolderFilter, HeaderWriterFilter, LogoutFilter, RequestCacheAwareFilter, SecurityContextHolderAwareRequestFilter, AnonymousAuthenticationFilter, SessionManagementFilter, ExceptionTranslationFilter, AuthorizationFilter
2026-03-11T11:58:52.666+05:30  INFO 53931 --- [auth-service] [           main] DiscoveryClientOptionalArgsConfiguration : Eureka HTTP Client uses RestTemplate.
2026-03-11T11:58:52.721+05:30  WARN 53931 --- [auth-service] [           main] iguration$LoadBalancerCaffeineWarnLogger : Spring Cloud LoadBalancer is currently working with the default cache. While this cache implementation is useful for development and tests, it's recommended to use Caffeine cache in production.You can switch to using Caffeine cache, by adding it and org.springframework.cache.caffeine.CaffeineCacheManager to the classpath.
2026-03-11T11:58:52.755+05:30  INFO 53931 --- [auth-service] [           main] o.s.c.n.eureka.InstanceInfoFactory       : Setting initial instance status as: STARTING
2026-03-11T11:58:52.798+05:30  INFO 53931 --- [auth-service] [           main] com.netflix.discovery.DiscoveryClient    : Initializing Eureka in region us-east-1
2026-03-11T11:58:52.804+05:30  INFO 53931 --- [auth-service] [           main] c.n.d.s.r.aws.ConfigClusterResolver      : Resolving eureka endpoints via configuration
2026-03-11T11:58:52.815+05:30  INFO 53931 --- [auth-service] [           main] com.netflix.discovery.DiscoveryClient    : Disable delta property : false
2026-03-11T11:58:52.815+05:30  INFO 53931 --- [auth-service] [           main] com.netflix.discovery.DiscoveryClient    : Single vip registry refresh property : null
2026-03-11T11:58:52.815+05:30  INFO 53931 --- [auth-service] [           main] com.netflix.discovery.DiscoveryClient    : Force full registry fetch : false
2026-03-11T11:58:52.815+05:30  INFO 53931 --- [auth-service] [           main] com.netflix.discovery.DiscoveryClient    : Application is null : false
2026-03-11T11:58:52.815+05:30  INFO 53931 --- [auth-service] [           main] com.netflix.discovery.DiscoveryClient    : Registered Applications size is zero : true
2026-03-11T11:58:52.815+05:30  INFO 53931 --- [auth-service] [           main] com.netflix.discovery.DiscoveryClient    : Application version is -1: true
2026-03-11T11:58:52.815+05:30  INFO 53931 --- [auth-service] [           main] com.netflix.discovery.DiscoveryClient    : Getting all instance registry info from the eureka server
2026-03-11T11:58:53.403+05:30  INFO 53931 --- [auth-service] [           main] com.netflix.discovery.DiscoveryClient    : The response status is 200
2026-03-11T11:58:53.405+05:30  INFO 53931 --- [auth-service] [           main] com.netflix.discovery.DiscoveryClient    : Starting heartbeat executor: renew interval is: 30
2026-03-11T11:58:53.407+05:30  INFO 53931 --- [auth-service] [           main] c.n.discovery.InstanceInfoReplicator     : InstanceInfoReplicator onDemand update allowed rate per min is 4
2026-03-11T11:58:53.410+05:30  INFO 53931 --- [auth-service] [           main] com.netflix.discovery.DiscoveryClient    : Discovery Client initialized at timestamp 1773210533409 with initial instances count: 2
2026-03-11T11:58:53.418+05:30  INFO 53931 --- [auth-service] [           main] o.s.c.n.e.s.EurekaServiceRegistry        : Registering application AUTH-SERVICE with eureka with status UP
2026-03-11T11:58:53.419+05:30  INFO 53931 --- [auth-service] [           main] com.netflix.discovery.DiscoveryClient    : Saw local status change event StatusChangeEvent [timestamp=1773210533419, current=UP, previous=STARTING]
2026-03-11T11:58:53.421+05:30  INFO 53931 --- [auth-service] [foReplicator-%d] com.netflix.discovery.DiscoveryClient    : DiscoveryClient_AUTH-SERVICE/macbook-air.lan:auth-service:8081: registering service...
2026-03-11T11:58:53.446+05:30  INFO 53931 --- [auth-service] [           main] o.s.b.w.embedded.tomcat.TomcatWebServer  : Tomcat started on port 8081 (http) with context path '/'
2026-03-11T11:58:53.447+05:30  INFO 53931 --- [auth-service] [           main] .s.c.n.e.s.EurekaAutoServiceRegistration : Updating port to 8081
2026-03-11T11:58:53.471+05:30  INFO 53931 --- [auth-service] [           main] l.m.authservice.AuthServiceApplication   : Started AuthServiceApplication in 9.067 seconds (process running for 10.057)
2026-03-11T11:58:53.499+05:30  INFO 53931 --- [auth-service] [foReplicator-%d] com.netflix.discovery.DiscoveryClient    : DiscoveryClient_AUTH-SERVICE/macbook-air.lan:auth-service:8081 - registration status: 204
2026-03-11T11:58:56.585+05:30  INFO 53931 --- [auth-service] [nio-8081-exec-1] o.a.c.c.C.[Tomcat].[localhost].[/]       : Initializing Spring DispatcherServlet 'dispatcherServlet'
2026-03-11T11:58:56.586+05:30  INFO 53931 --- [auth-service] [nio-8081-exec-1] o.s.web.servlet.DispatcherServlet        : Initializing Servlet 'dispatcherServlet'
2026-03-11T11:58:56.589+05:30  INFO 53931 --- [auth-service] [nio-8081-exec-1] o.s.web.servlet.DispatcherServlet        : Completed initialization in 2 ms
2026-03-11T11:58:56.608+05:30 DEBUG 53931 --- [auth-service] [nio-8081-exec-1] o.s.security.web.FilterChainProxy        : Securing POST /api/auth/login
2026-03-11T11:58:56.618+05:30 DEBUG 53931 --- [auth-service] [nio-8081-exec-1] o.s.s.w.a.AnonymousAuthenticationFilter  : Set SecurityContextHolder to anonymous SecurityContext
2026-03-11T11:58:56.622+05:30 DEBUG 53931 --- [auth-service] [nio-8081-exec-1] o.s.security.web.FilterChainProxy        : Secured POST /api/auth/login
2026-03-11T11:58:56.768+05:30 DEBUG 53931 --- [auth-service] [nio-8081-exec-1] l.m.authservice.service.AuthService      : Login attempt for user: admin
Hibernate: select u1_0.id,u1_0.created_at,u1_0.email,u1_0.password_hash,u1_0.reset_token,u1_0.reset_token_expiry,u1_0.role,u1_0.updated_at,u1_0.username from users u1_0 where u1_0.username=?
2026-03-11T11:58:57.088+05:30 DEBUG 53931 --- [auth-service] [nio-8081-exec-1] l.m.authservice.service.AuthService      : Found user: admin, checking password...
2026-03-11T11:58:57.683+05:30  WARN 53931 --- [auth-service] [nio-8081-exec-1] l.m.authservice.service.AuthService      : Password mismatch for user: admin
2026-03-11T11:59:11.111+05:30 DEBUG 53931 --- [auth-service] [nio-8081-exec-2] o.s.security.web.FilterChainProxy        : Securing POST /api/auth/login
2026-03-11T11:59:11.113+05:30 DEBUG 53931 --- [auth-service] [nio-8081-exec-2] o.s.s.w.a.AnonymousAuthenticationFilter  : Set SecurityContextHolder to anonymous SecurityContext
2026-03-11T11:59:11.113+05:30 DEBUG 53931 --- [auth-service] [nio-8081-exec-2] o.s.security.web.FilterChainProxy        : Secured POST /api/auth/login
2026-03-11T11:59:11.116+05:30 DEBUG 53931 --- [auth-service] [nio-8081-exec-2] l.m.authservice.service.AuthService      : Login attempt for user: testuser
Hibernate: select u1_0.id,u1_0.created_at,u1_0.email,u1_0.password_hash,u1_0.reset_token,u1_0.reset_token_expiry,u1_0.role,u1_0.updated_at,u1_0.username from users u1_0 where u1_0.username=?
2026-03-11T11:59:11.134+05:30 DEBUG 53931 --- [auth-service] [nio-8081-exec-2] l.m.authservice.service.AuthService      : Found user: testuser, checking password...
2026-03-11T11:59:11.667+05:30 DEBUG 53931 --- [auth-service] [nio-8081-exec-2] l.m.authservice.service.AuthService      : Password matched, generating token...
2026-03-11T11:59:11.707+05:30 DEBUG 53931 --- [auth-service] [nio-8081-exec-2] l.m.authservice.service.AuthService      : Token generated successfully
2026-03-11T12:00:14.068+05:30 DEBUG 53931 --- [auth-service] [nio-8081-exec-4] o.s.security.web.FilterChainProxy        : Securing POST /api/auth/register
2026-03-11T12:00:14.072+05:30 DEBUG 53931 --- [auth-service] [nio-8081-exec-4] o.s.s.w.a.AnonymousAuthenticationFilter  : Set SecurityContextHolder to anonymous SecurityContext
2026-03-11T12:00:14.072+05:30 DEBUG 53931 --- [auth-service] [nio-8081-exec-4] o.s.security.web.FilterChainProxy        : Secured POST /api/auth/register
Hibernate: select u1_0.id from users u1_0 where u1_0.username=? limit ?
Hibernate: select u1_0.id from users u1_0 where u1_0.email=? limit ?
Hibernate: insert into users (created_at,email,password_hash,reset_token,reset_token_expiry,role,updated_at,username) values (?,?,?,?,?,?,?,?)
2026-03-11T12:01:03.517+05:30  INFO 53931 --- [auth-service] [ionShutdownHook] o.s.c.n.e.s.EurekaServiceRegistry        : Unregistering application AUTH-SERVICE with eureka with status DOWN
2026-03-11T12:01:03.518+05:30  INFO 53931 --- [auth-service] [ionShutdownHook] com.netflix.discovery.DiscoveryClient    : Saw local status change event StatusChangeEvent [timestamp=1773210663518, current=DOWN, previous=UP]
2026-03-11T12:01:03.518+05:30  INFO 53931 --- [auth-service] [foReplicator-%d] com.netflix.discovery.DiscoveryClient    : DiscoveryClient_AUTH-SERVICE/macbook-air.lan:auth-service:8081: registering service...
2026-03-11T12:01:03.527+05:30  INFO 53931 --- [auth-service] [ionShutdownHook] o.s.b.w.e.tomcat.GracefulShutdown        : Commencing graceful shutdown. Waiting for active requests to complete
2026-03-11T12:01:03.553+05:30  INFO 53931 --- [auth-service] [tomcat-shutdown] o.s.b.w.e.tomcat.GracefulShutdown        : Graceful shutdown complete
2026-03-11T12:01:03.569+05:30  INFO 53931 --- [auth-service] [foReplicator-%d] com.netflix.discovery.DiscoveryClient    : DiscoveryClient_AUTH-SERVICE/macbook-air.lan:auth-service:8081 - registration status: 204
2026-03-11T12:01:03.573+05:30  INFO 53931 --- [auth-service] [ionShutdownHook] j.LocalContainerEntityManagerFactoryBean : Closing JPA EntityManagerFactory for persistence unit 'default'
2026-03-11T12:01:03.582+05:30  INFO 53931 --- [auth-service] [ionShutdownHook] com.zaxxer.hikari.HikariDataSource       : HikariPool-1 - Shutdown initiated...
2026-03-11T12:01:03.619+05:30  INFO 53931 --- [auth-service] [ionShutdownHook] com.zaxxer.hikari.HikariDataSource       : HikariPool-1 - Shutdown completed.
2026-03-11T12:01:03.629+05:30  INFO 53931 --- [auth-service] [ionShutdownHook] com.netflix.discovery.DiscoveryClient    : Shutting down DiscoveryClient ...
2026-03-11T12:01:06.630+05:30  INFO 53931 --- [auth-service] [ionShutdownHook] com.netflix.discovery.DiscoveryClient    : Unregistering ...
2026-03-11T12:01:06.641+05:30  INFO 53931 --- [auth-service] [ionShutdownHook] com.netflix.discovery.DiscoveryClient    : DiscoveryClient_AUTH-SERVICE/macbook-air.lan:auth-service:8081 - deregister  status: 200
2026-03-11T12:01:06.642+05:30  INFO 53931 --- [auth-service] [ionShutdownHook] com.netflix.discovery.DiscoveryClient    : Completed shut down of DiscoveryClient
